<?xml version="1.0" encoding="UTF-8"?>
<testng-results ignored="0" total="4" passed="4" failed="0" skipped="0">
  <reporter-output>
  </reporter-output>
  <suite started-at="2024-09-02T18:44:31 IST" name="PetSuite" finished-at="2024-09-02T18:44:41 IST" duration-ms="10080">
    <groups>
    </groups>
    <test started-at="2024-09-02T18:44:31 IST" name="PetTest" finished-at="2024-09-02T18:44:41 IST" duration-ms="10080">
      <class name="api.test.UserTests2">
        <test-method is-config="true" signature="setUp()[pri:0, instance:api.test.UserTests2@7e8dcdaa]" started-at="2024-09-02T18:44:31 IST" name="setUp" finished-at="2024-09-02T18:44:31 IST" duration-ms="198" status="PASS">
          <reporter-output>
          </reporter-output>
        </test-method> <!-- setUp -->
        <test-method signature="testPostUser()[pri:1, instance:api.test.UserTests2@7e8dcdaa]" started-at="2024-09-02T18:44:31 IST" name="testPostUser" finished-at="2024-09-02T18:44:35 IST" duration-ms="3562" status="PASS">
          <reporter-output>
          </reporter-output>
        </test-method> <!-- testPostUser -->
        <test-method signature="testGetUserByName()[pri:2, instance:api.test.UserTests2@7e8dcdaa]" started-at="2024-09-02T18:44:35 IST" name="testGetUserByName" finished-at="2024-09-02T18:44:36 IST" duration-ms="1420" status="PASS">
          <reporter-output>
          </reporter-output>
        </test-method> <!-- testGetUserByName -->
        <test-method signature="testUpdateUserByName()[pri:3, instance:api.test.UserTests2@7e8dcdaa]" started-at="2024-09-02T18:44:36 IST" name="testUpdateUserByName" finished-at="2024-09-02T18:44:40 IST" duration-ms="3175" status="PASS">
          <reporter-output>
          </reporter-output>
        </test-method> <!-- testUpdateUserByName -->
        <test-method signature="testDeleteUserByName()[pri:4, instance:api.test.UserTests2@7e8dcdaa]" started-at="2024-09-02T18:44:40 IST" name="testDeleteUserByName" finished-at="2024-09-02T18:44:41 IST" duration-ms="1463" status="PASS">
          <reporter-output>
          </reporter-output>
        </test-method> <!-- testDeleteUserByName -->
      </class> <!-- api.test.UserTests2 -->
    </test> <!-- PetTest -->
  </suite> <!-- PetSuite -->
</testng-results>
