<?xml version="1.0" encoding="UTF-8"?>
<testng-results ignored="0" total="4" passed="4" failed="0" skipped="0">
  <reporter-output>
  </reporter-output>
  <suite started-at="2024-09-02T18:20:19 IST" name="PetSuite" finished-at="2024-09-02T18:20:29 IST" duration-ms="9806">
    <groups>
    </groups>
    <test started-at="2024-09-02T18:20:19 IST" name="PetTest" finished-at="2024-09-02T18:20:29 IST" duration-ms="9806">
      <class name="api.test.UserTests2">
        <test-method is-config="true" signature="setUp()[pri:0, instance:api.test.UserTests2@5ebd56e9]" started-at="2024-09-02T18:20:20 IST" name="setUp" finished-at="2024-09-02T18:20:20 IST" duration-ms="250" status="PASS">
          <reporter-output>
          </reporter-output>
        </test-method> <!-- setUp -->
        <test-method signature="testPostUser()[pri:1, instance:api.test.UserTests2@5ebd56e9]" started-at="2024-09-02T18:20:20 IST" name="testPostUser" finished-at="2024-09-02T18:20:24 IST" duration-ms="3837" status="PASS">
          <reporter-output>
          </reporter-output>
        </test-method> <!-- testPostUser -->
        <test-method signature="testGetUserByName()[pri:2, instance:api.test.UserTests2@5ebd56e9]" started-at="2024-09-02T18:20:24 IST" name="testGetUserByName" finished-at="2024-09-02T18:20:25 IST" duration-ms="1525" status="PASS">
          <reporter-output>
          </reporter-output>
        </test-method> <!-- testGetUserByName -->
        <test-method signature="testUpdateUserByName()[pri:3, instance:api.test.UserTests2@5ebd56e9]" started-at="2024-09-02T18:20:25 IST" name="testUpdateUserByName" finished-at="2024-09-02T18:20:28 IST" duration-ms="2564" status="PASS">
          <reporter-output>
          </reporter-output>
        </test-method> <!-- testUpdateUserByName -->
        <test-method signature="testDeleteUserByName()[pri:4, instance:api.test.UserTests2@5ebd56e9]" started-at="2024-09-02T18:20:28 IST" name="testDeleteUserByName" finished-at="2024-09-02T18:20:29 IST" duration-ms="1296" status="PASS">
          <reporter-output>
          </reporter-output>
        </test-method> <!-- testDeleteUserByName -->
      </class> <!-- api.test.UserTests2 -->
    </test> <!-- PetTest -->
  </suite> <!-- PetSuite -->
</testng-results>
