<?xml version="1.0" encoding="UTF-8"?>
<!-- Generated by org.testng.reporters.JUnitXMLReporter -->
<testsuite ignored="0" hostname="DESKTOP-22K1PG5" failures="0" tests="4" name="PetTest" time="10.08" errors="0" timestamp="2024-09-02T18:44:41 IST">
  <testcase classname="api.test.UserTests2" name="testPostUser" time="3.562"/>
  <testcase classname="api.test.UserTests2" name="testGetUserByName" time="1.42"/>
  <testcase classname="api.test.UserTests2" name="testUpdateUserByName" time="3.175"/>
  <testcase classname="api.test.UserTests2" name="testDeleteUserByName" time="1.463"/>
</testsuite> <!-- PetTest -->
