<?xml version="1.0" encoding="UTF-8"?>
<!-- Generated by org.testng.reporters.JUnitXMLReporter -->
<testsuite ignored="0" hostname="DESKTOP-22K1PG5" failures="0" tests="4" name="PetTest" time="9.806" errors="0" timestamp="2024-09-02T18:20:30 IST">
  <testcase classname="api.test.UserTests2" name="testPostUser" time="3.837"/>
  <testcase classname="api.test.UserTests2" name="testGetUserByName" time="1.525"/>
  <testcase classname="api.test.UserTests2" name="testUpdateUserByName" time="2.564"/>
  <testcase classname="api.test.UserTests2" name="testDeleteUserByName" time="1.296"/>
</testsuite> <!-- PetTest -->
